<?xml version="1.0" encoding="UTF-8"?>
<testng-results ignored="0" total="1" passed="1" failed="0" skipped="0">
  <reporter-output>
  </reporter-output>
  <suite started-at="2022-03-26T11:03:10 IST" name="Default suite" finished-at="2022-03-26T11:03:10 IST" duration-ms="144">
    <groups>
    </groups>
    <test started-at="2022-03-26T11:03:10 IST" name="Default test" finished-at="2022-03-26T11:03:10 IST" duration-ms="144">
      <class name="io.TestPackage.A">
        <test-method signature="a()[pri:0, instance:io.TestPackage.A@41330d4f]" started-at="2022-03-26T11:03:10 IST" name="a" finished-at="2022-03-26T11:03:10 IST" duration-ms="27" status="PASS">
          <reporter-output>
          </reporter-output>
        </test-method> <!-- a -->
      </class> <!-- io.TestPackage.A -->
    </test> <!-- Default test -->
  </suite> <!-- Default suite -->
</testng-results>
